c:\users\user\desktop\fp_pp_1_20171653_신나현\fp_pp_1_20171653_신나현\debug\vc142.pdb
c:\users\user\desktop\fp_pp_1_20171653_신나현\fp_pp_1_20171653_신나현\debug\vc142.idb
c:\users\user\desktop\fp_pp_1_20171653_신나현\fp_pp_1_20171653_신나현\debug\varlen.obj
c:\users\user\desktop\fp_pp_1_20171653_신나현\fp_pp_1_20171653_신나현\debug\purchase.obj
c:\users\user\desktop\fp_pp_1_20171653_신나현\fp_pp_1_20171653_신나현\debug\member.obj
c:\users\user\desktop\fp_pp_1_20171653_신나현\fp_pp_1_20171653_신나현\debug\main.obj
c:\users\user\desktop\fp_pp_1_20171653_신나현\fp_pp_1_20171653_신나현\debug\iobuffer.obj
c:\users\user\desktop\fp_pp_1_20171653_신나현\fp_pp_1_20171653_신나현\debug\game.obj
c:\users\user\desktop\fp_pp_1_20171653_신나현\fp_pp_1_20171653_신나현\debug\delim.obj
c:\users\user\desktop\fp_pp_1_20171653_신나현\fp_pp_1_20171653_신나현\debug\buffile.obj
c:\users\user\desktop\fp_pp_1_20171653_신나현\fp_pp_1_20171653_신나현\debug\tindbuff.obj
c:\users\user\desktop\fp_pp_1_20171653_신나현\fp_pp_1_20171653_신나현\debug\textind.obj
c:\users\user\desktop\fp_pp_1_20171653_신나현\fp_pp_1_20171653_신나현\debug\fixlen.obj
c:\users\user\desktop\fp_pp_1_20171653_신나현\fp_pp_1_20171653_신나현\debug\fixfld.obj
c:\users\user\desktop\fp_pp_1_20171653_신나현\debug\fp_pp_1_20171653_신나현.exe
c:\users\user\desktop\fp_pp_1_20171653_신나현\debug\fp_pp_1_20171653_신나현.ilk
c:\users\user\desktop\fp_pp_1_20171653_신나현\debug\fp_pp_1_20171653_신나현.pdb
c:\users\user\desktop\fp_pp_1_20171653_신나현\fp_pp_1_20171653_신나현\debug\fp_pp_1_.07515e95.tlog\cl.command.1.tlog
c:\users\user\desktop\fp_pp_1_20171653_신나현\fp_pp_1_20171653_신나현\debug\fp_pp_1_.07515e95.tlog\cl.read.1.tlog
c:\users\user\desktop\fp_pp_1_20171653_신나현\fp_pp_1_20171653_신나현\debug\fp_pp_1_.07515e95.tlog\cl.write.1.tlog
c:\users\user\desktop\fp_pp_1_20171653_신나현\fp_pp_1_20171653_신나현\debug\fp_pp_1_.07515e95.tlog\link.command.1.tlog
c:\users\user\desktop\fp_pp_1_20171653_신나현\fp_pp_1_20171653_신나현\debug\fp_pp_1_.07515e95.tlog\link.read.1.tlog
c:\users\user\desktop\fp_pp_1_20171653_신나현\fp_pp_1_20171653_신나현\debug\fp_pp_1_.07515e95.tlog\link.write.1.tlog
